home @ 360x640 -> 200 (4018ms)
services @ 360x640 -> 200 (944ms)
services-clarityscan @ 360x640 -> 200 (916ms)
services-clarityscan-diagnostic @ 360x640 -> 200 (2297ms)
services-clarityscan-audit @ 360x640 -> 200 (920ms)
services-innovation-maturity @ 360x640 -> 200 (984ms)
services-imm-dt @ 360x640 -> 200 (1024ms)
services-diagnostics @ 360x640 -> 200 (910ms)
services-coaching-mentoring @ 360x640 -> 200 (974ms)
services-custom-workshops @ 360x640 -> 200 (928ms)
services-innovation-readiness-workshop @ 360x640 -> 200 (1045ms)
case-studies @ 360x640 -> 200 (992ms)
case-studies-afp-siembra @ 360x640 -> 200 (1440ms)
about @ 360x640 -> 200 (1158ms)
contact @ 360x640 -> 200 (1053ms)
work-with-us @ 360x640 -> 200 (1164ms)
vigia-futura @ 360x640 -> 200 (1250ms)
insights @ 360x640 -> 200 (2584ms)
home @ 390x844 -> 200 (1360ms)
services @ 390x844 -> 200 (1087ms)
services-clarityscan @ 390x844 -> 200 (1183ms)
services-clarityscan-diagnostic @ 390x844 -> 200 (1217ms)
services-clarityscan-audit @ 390x844 -> 200 (1441ms)
services-innovation-maturity @ 390x844 -> 200 (1461ms)
services-imm-dt @ 390x844 -> 200 (1123ms)
services-diagnostics @ 390x844 -> 200 (1086ms)
services-coaching-mentoring @ 390x844 -> 200 (1282ms)
