en mobile / ok=true dur=23.2s
en mobile /services ok=true dur=18.8s
en mobile /services/clarityscan ok=true dur=16.8s
en mobile /services/clarityscan/diagnostic ok=true dur=14.9s
en mobile /services/clarityscan/audit ok=true dur=14.1s
en mobile /services/innovation-maturity ok=true dur=17.5s
en mobile /services/imm-dt ok=true dur=17.7s
en mobile /services/diagnostics ok=true dur=14.4s
en mobile /services/coaching-mentoring ok=true dur=14.7s
en mobile /services/custom-workshops ok=true dur=15.3s
en mobile /services/innovation-readiness-workshop ok=true dur=15.9s
en mobile /case-studies ok=true dur=14.5s
en mobile /case-studies/afp-siembra ok=true dur=17.4s
en mobile /about ok=true dur=14.5s
en mobile /contact ok=true dur=14.5s
en mobile /work-with-us ok=true dur=14.8s
en mobile /vigia-futura ok=true dur=15.7s
en mobile /insights ok=true dur=14.6s
en desktop / ok=true dur=15.0s
en desktop /services/innovation-maturity ok=true dur=15.0s
en desktop /services/imm-dt ok=true dur=14.5s
en desktop /services/clarityscan ok=true dur=13.8s
es mobile /es ok=true dur=15.1s
es mobile /es/services ok=true dur=12.7s
es mobile /es/services/clarityscan ok=true dur=16.4s
es mobile /es/services/clarityscan/diagnostic ok=true dur=16.9s
es mobile /es/services/clarityscan/audit ok=true dur=17.4s
es mobile /es/services/innovation-maturity ok=true dur=19.4s
es mobile /es/services/imm-dt ok=true dur=18.0s
es mobile /es/services/diagnostics ok=true dur=16.0s
es mobile /es/services/coaching-mentoring ok=true dur=16.9s
es mobile /es/services/custom-workshops ok=true dur=15.8s
es mobile /es/services/innovation-readiness-workshop ok=true dur=11.5s
es mobile /es/case-studies ok=true dur=11.3s
es mobile /es/case-studies/afp-siembra ok=true dur=12.7s
es mobile /es/about ok=true dur=11.0s
es mobile /es/contact ok=true dur=11.0s
es mobile /es/work-with-us ok=true dur=11.9s
es mobile /es/vigia-futura ok=true dur=11.3s
es mobile /es/insights ok=true dur=10.8s
es desktop /es ok=true dur=11.5s
es desktop /es/services/innovation-maturity ok=true dur=11.8s
es desktop /es/services/imm-dt ok=true dur=11.1s
es desktop /es/services/clarityscan ok=true dur=11.4s
NO_NAVSTART occurrences: 0

